mode: set
github.com/gitbruce/multipowers/internal/workflows/adapter_helper.go:9.68,21.22 6 1
github.com/gitbruce/multipowers/internal/workflows/adapter_helper.go:22.18,23.41 1 1
github.com/gitbruce/multipowers/internal/workflows/adapter_helper.go:24.16,25.39 1 1
github.com/gitbruce/multipowers/internal/workflows/adapter_helper.go:26.17,27.40 1 1
github.com/gitbruce/multipowers/internal/workflows/adapter_helper.go:28.17,29.40 1 1
github.com/gitbruce/multipowers/internal/workflows/adapter_helper.go:30.16,31.39 1 1
github.com/gitbruce/multipowers/internal/workflows/adapter_helper.go:32.17,33.40 1 1
github.com/gitbruce/multipowers/internal/workflows/adapter_helper.go:34.10,35.59 1 0
github.com/gitbruce/multipowers/internal/workflows/adapter_helper.go:39.2,52.3 3 1
github.com/gitbruce/multipowers/internal/workflows/coverage.go:11.30,13.2 1 1
github.com/gitbruce/multipowers/internal/workflows/coverage.go:34.73,40.24 2 1
github.com/gitbruce/multipowers/internal/workflows/coverage.go:40.24,43.3 2 1
github.com/gitbruce/multipowers/internal/workflows/coverage.go:45.2,50.16 5 0
github.com/gitbruce/multipowers/internal/workflows/coverage.go:50.16,51.47 1 0
github.com/gitbruce/multipowers/internal/workflows/coverage.go:51.47,52.31 1 0
github.com/gitbruce/multipowers/internal/workflows/coverage.go:52.31,54.5 1 0
github.com/gitbruce/multipowers/internal/workflows/coverage.go:55.9,59.4 3 0
github.com/gitbruce/multipowers/internal/workflows/coverage.go:63.2,66.53 2 0
github.com/gitbruce/multipowers/internal/workflows/coverage.go:66.53,68.3 1 0
github.com/gitbruce/multipowers/internal/workflows/coverage.go:70.2,70.15 1 0
github.com/gitbruce/multipowers/internal/workflows/coverage.go:74.79,80.21 5 1
github.com/gitbruce/multipowers/internal/workflows/coverage.go:80.21,85.42 2 1
github.com/gitbruce/multipowers/internal/workflows/coverage.go:85.42,88.16 2 1
github.com/gitbruce/multipowers/internal/workflows/coverage.go:88.16,94.36 4 1
github.com/gitbruce/multipowers/internal/workflows/coverage.go:94.36,95.42 1 1
github.com/gitbruce/multipowers/internal/workflows/coverage.go:95.42,97.7 1 1
github.com/gitbruce/multipowers/internal/workflows/coverage.go:97.12,98.12 1 1
github.com/gitbruce/multipowers/internal/workflows/coverage.go:102.5,102.63 1 1
github.com/gitbruce/multipowers/internal/workflows/coverage.go:102.63,105.47 2 1
github.com/gitbruce/multipowers/internal/workflows/coverage.go:105.47,111.7 2 1
github.com/gitbruce/multipowers/internal/workflows/coverage.go:112.6,113.20 2 1
github.com/gitbruce/multipowers/internal/workflows/coverage.go:119.2,122.22 2 1
github.com/gitbruce/multipowers/internal/workflows/coverage.go:122.22,124.3 1 1
github.com/gitbruce/multipowers/internal/workflows/coverage.go:126.2,126.15 1 1
github.com/gitbruce/multipowers/internal/workflows/coverage.go:130.55,139.2 2 1
github.com/gitbruce/multipowers/internal/workflows/debate.go:8.51,16.2 4 1
github.com/gitbruce/multipowers/internal/workflows/define.go:4.43,6.2 1 1
github.com/gitbruce/multipowers/internal/workflows/deliver.go:4.44,6.2 1 1
github.com/gitbruce/multipowers/internal/workflows/develop.go:4.44,6.2 1 1
github.com/gitbruce/multipowers/internal/workflows/discover.go:4.45,6.2 1 1
github.com/gitbruce/multipowers/internal/workflows/embrace.go:4.44,6.2 1 1
github.com/gitbruce/multipowers/internal/workflows/persona.go:27.88,29.2 1 0
github.com/gitbruce/multipowers/internal/workflows/persona.go:31.59,33.16 2 1
github.com/gitbruce/multipowers/internal/workflows/persona.go:33.16,35.3 1 0
github.com/gitbruce/multipowers/internal/workflows/persona.go:36.2,36.24 1 1
github.com/gitbruce/multipowers/internal/workflows/persona.go:36.24,38.3 1 0
github.com/gitbruce/multipowers/internal/workflows/persona.go:39.2,39.43 1 1
github.com/gitbruce/multipowers/internal/workflows/persona.go:39.43,39.89 1 1
github.com/gitbruce/multipowers/internal/workflows/persona.go:41.2,42.29 2 1
github.com/gitbruce/multipowers/internal/workflows/persona.go:42.29,44.3 1 1
github.com/gitbruce/multipowers/internal/workflows/persona.go:45.2,45.39 1 1
github.com/gitbruce/multipowers/internal/workflows/persona.go:48.83,50.60 2 1
github.com/gitbruce/multipowers/internal/workflows/persona.go:50.60,52.17 2 0
github.com/gitbruce/multipowers/internal/workflows/persona.go:52.17,54.4 1 0
github.com/gitbruce/multipowers/internal/workflows/persona.go:55.3,55.60 1 0
github.com/gitbruce/multipowers/internal/workflows/persona.go:58.2,60.18 3 1
github.com/gitbruce/multipowers/internal/workflows/persona.go:60.18,62.3 1 0
github.com/gitbruce/multipowers/internal/workflows/persona.go:63.2,64.16 2 1
github.com/gitbruce/multipowers/internal/workflows/persona.go:64.16,66.3 1 1
github.com/gitbruce/multipowers/internal/workflows/persona.go:68.2,73.16 3 1
github.com/gitbruce/multipowers/internal/workflows/persona.go:73.16,75.3 1 0
github.com/gitbruce/multipowers/internal/workflows/persona.go:77.2,77.18 1 1
github.com/gitbruce/multipowers/internal/workflows/persona.go:77.18,84.3 1 1
github.com/gitbruce/multipowers/internal/workflows/persona.go:86.2,87.18 2 1
github.com/gitbruce/multipowers/internal/workflows/persona.go:87.18,89.3 1 0
github.com/gitbruce/multipowers/internal/workflows/persona.go:91.2,101.18 3 1
github.com/gitbruce/multipowers/internal/workflows/persona.go:101.18,105.3 3 0
github.com/gitbruce/multipowers/internal/workflows/persona.go:106.2,106.20 1 1
github.com/gitbruce/multipowers/internal/workflows/persona.go:109.45,110.27 1 1
github.com/gitbruce/multipowers/internal/workflows/persona.go:110.27,111.33 1 1
github.com/gitbruce/multipowers/internal/workflows/persona.go:111.33,113.4 1 1
github.com/gitbruce/multipowers/internal/workflows/persona.go:115.2,115.11 1 0
github.com/gitbruce/multipowers/internal/workflows/persona.go:118.57,120.16 2 1
github.com/gitbruce/multipowers/internal/workflows/persona.go:120.16,122.3 1 0
github.com/gitbruce/multipowers/internal/workflows/persona.go:123.2,130.15 6 1
github.com/gitbruce/multipowers/internal/workflows/persona.go:130.15,133.24 3 1
github.com/gitbruce/multipowers/internal/workflows/persona.go:133.24,135.12 2 1
github.com/gitbruce/multipowers/internal/workflows/persona.go:137.3,137.16 1 1
github.com/gitbruce/multipowers/internal/workflows/persona.go:137.16,138.12 1 1
github.com/gitbruce/multipowers/internal/workflows/persona.go:140.3,140.49 1 1
github.com/gitbruce/multipowers/internal/workflows/persona.go:140.49,141.12 1 1
github.com/gitbruce/multipowers/internal/workflows/persona.go:143.3,143.100 1 1
github.com/gitbruce/multipowers/internal/workflows/persona.go:143.100,144.12 1 0
github.com/gitbruce/multipowers/internal/workflows/persona.go:148.3,148.104 1 1
github.com/gitbruce/multipowers/internal/workflows/persona.go:148.104,149.26 1 1
github.com/gitbruce/multipowers/internal/workflows/persona.go:149.26,150.34 1 1
github.com/gitbruce/multipowers/internal/workflows/persona.go:150.34,152.6 1 0
github.com/gitbruce/multipowers/internal/workflows/persona.go:153.5,153.28 1 1
github.com/gitbruce/multipowers/internal/workflows/persona.go:153.28,155.6 1 0
github.com/gitbruce/multipowers/internal/workflows/persona.go:156.5,156.31 1 1
github.com/gitbruce/multipowers/internal/workflows/persona.go:158.4,160.12 3 1
github.com/gitbruce/multipowers/internal/workflows/persona.go:163.3,163.25 1 1
github.com/gitbruce/multipowers/internal/workflows/persona.go:163.25,164.12 1 0
github.com/gitbruce/multipowers/internal/workflows/persona.go:166.3,166.40 1 1
github.com/gitbruce/multipowers/internal/workflows/persona.go:166.40,168.12 2 1
github.com/gitbruce/multipowers/internal/workflows/persona.go:170.3,170.38 1 1
github.com/gitbruce/multipowers/internal/workflows/persona.go:170.38,172.12 2 1
github.com/gitbruce/multipowers/internal/workflows/persona.go:174.3,174.44 1 1
github.com/gitbruce/multipowers/internal/workflows/persona.go:174.44,181.17 7 1
github.com/gitbruce/multipowers/internal/workflows/persona.go:181.17,183.5 1 1
github.com/gitbruce/multipowers/internal/workflows/persona.go:186.2,186.32 1 1
github.com/gitbruce/multipowers/internal/workflows/persona.go:186.32,188.3 1 0
github.com/gitbruce/multipowers/internal/workflows/persona.go:189.2,189.24 1 1
github.com/gitbruce/multipowers/internal/workflows/persona.go:189.24,190.32 1 1
github.com/gitbruce/multipowers/internal/workflows/persona.go:190.32,192.4 1 0
github.com/gitbruce/multipowers/internal/workflows/persona.go:193.3,193.26 1 1
github.com/gitbruce/multipowers/internal/workflows/persona.go:193.26,195.4 1 0
github.com/gitbruce/multipowers/internal/workflows/persona.go:196.3,196.29 1 1
github.com/gitbruce/multipowers/internal/workflows/persona.go:198.2,198.17 1 1
github.com/gitbruce/multipowers/internal/workflows/persona.go:201.31,203.13 2 1
github.com/gitbruce/multipowers/internal/workflows/persona.go:203.13,205.3 1 0
github.com/gitbruce/multipowers/internal/workflows/persona.go:206.2,206.10 1 1
github.com/gitbruce/multipowers/internal/workflows/persona.go:209.53,211.2 1 1
github.com/gitbruce/multipowers/internal/workflows/persona.go:213.35,215.16 2 1
github.com/gitbruce/multipowers/internal/workflows/persona.go:215.16,217.3 1 1
github.com/gitbruce/multipowers/internal/workflows/persona.go:218.2,218.22 1 1
github.com/gitbruce/multipowers/internal/workflows/persona.go:221.95,223.32 2 1
github.com/gitbruce/multipowers/internal/workflows/persona.go:223.32,225.3 1 1
github.com/gitbruce/multipowers/internal/workflows/persona.go:226.2,227.31 2 1
github.com/gitbruce/multipowers/internal/workflows/persona.go:227.31,229.3 1 0
github.com/gitbruce/multipowers/internal/workflows/persona.go:231.2,231.38 1 1
github.com/gitbruce/multipowers/internal/workflows/persona.go:231.38,232.36 1 1
github.com/gitbruce/multipowers/internal/workflows/persona.go:232.36,233.12 1 0
github.com/gitbruce/multipowers/internal/workflows/persona.go:235.3,236.35 2 1
github.com/gitbruce/multipowers/internal/workflows/persona.go:236.35,238.4 1 1
github.com/gitbruce/multipowers/internal/workflows/persona.go:239.3,240.34 2 0
github.com/gitbruce/multipowers/internal/workflows/persona.go:240.34,242.4 1 0
github.com/gitbruce/multipowers/internal/workflows/persona.go:245.2,245.23 1 0
github.com/gitbruce/multipowers/internal/workflows/persona.go:248.43,251.27 3 1
github.com/gitbruce/multipowers/internal/workflows/persona.go:251.27,253.17 2 1
github.com/gitbruce/multipowers/internal/workflows/persona.go:253.17,255.4 1 0
github.com/gitbruce/multipowers/internal/workflows/persona.go:256.3,257.30 2 1
github.com/gitbruce/multipowers/internal/workflows/persona.go:257.30,259.4 1 1
github.com/gitbruce/multipowers/internal/workflows/persona.go:260.3,261.30 2 1
github.com/gitbruce/multipowers/internal/workflows/persona.go:264.2,266.85 2 1
github.com/gitbruce/multipowers/internal/workflows/persona.go:266.85,268.103 2 1
github.com/gitbruce/multipowers/internal/workflows/persona.go:268.103,270.4 1 1
github.com/gitbruce/multipowers/internal/workflows/persona.go:273.2,273.14 1 1
github.com/gitbruce/multipowers/internal/workflows/persona.go:276.41,278.40 2 1
github.com/gitbruce/multipowers/internal/workflows/persona.go:278.40,280.3 1 1
github.com/gitbruce/multipowers/internal/workflows/persona.go:281.2,281.32 1 1
github.com/gitbruce/multipowers/internal/workflows/test_run.go:25.47,30.24 2 1
github.com/gitbruce/multipowers/internal/workflows/test_run.go:30.24,33.3 2 1
github.com/gitbruce/multipowers/internal/workflows/test_run.go:35.2,40.16 5 0
github.com/gitbruce/multipowers/internal/workflows/test_run.go:40.16,42.47 1 0
github.com/gitbruce/multipowers/internal/workflows/test_run.go:42.47,43.31 1 0
github.com/gitbruce/multipowers/internal/workflows/test_run.go:43.31,45.5 1 0
github.com/gitbruce/multipowers/internal/workflows/test_run.go:46.9,50.4 3 0
github.com/gitbruce/multipowers/internal/workflows/test_run.go:54.2,57.15 3 0
github.com/gitbruce/multipowers/internal/workflows/test_run.go:61.73,65.29 3 1
github.com/gitbruce/multipowers/internal/workflows/test_run.go:65.29,67.17 2 1
github.com/gitbruce/multipowers/internal/workflows/test_run.go:67.17,68.12 1 1
github.com/gitbruce/multipowers/internal/workflows/test_run.go:71.3,72.62 2 1
github.com/gitbruce/multipowers/internal/workflows/test_run.go:72.62,73.12 1 0
github.com/gitbruce/multipowers/internal/workflows/test_run.go:76.3,80.17 4 1
github.com/gitbruce/multipowers/internal/workflows/test_run.go:81.15,82.18 1 1
github.com/gitbruce/multipowers/internal/workflows/test_run.go:82.19,84.5 0 0
github.com/gitbruce/multipowers/internal/workflows/test_run.go:84.10,87.5 2 1
github.com/gitbruce/multipowers/internal/workflows/test_run.go:88.15,89.18 1 1
github.com/gitbruce/multipowers/internal/workflows/test_run.go:89.18,93.5 3 1
github.com/gitbruce/multipowers/internal/workflows/test_run.go:94.15,95.18 1 0
github.com/gitbruce/multipowers/internal/workflows/test_run.go:95.18,98.5 2 0
github.com/gitbruce/multipowers/internal/workflows/test_run.go:102.2,105.23 2 1
github.com/gitbruce/multipowers/internal/workflows/test_run.go:105.23,107.3 1 1
github.com/gitbruce/multipowers/internal/workflows/test_run.go:107.8,107.30 1 1
github.com/gitbruce/multipowers/internal/workflows/test_run.go:107.30,109.3 1 1
github.com/gitbruce/multipowers/internal/workflows/test_run.go:111.2,111.15 1 1
github.com/gitbruce/multipowers/internal/workflows/test_run.go:115.54,127.2 2 1
